# JRE version: OpenJDK Runtime Environment Temurin-21.0.9+10 (21.0.9+10) (build 21.0.9+10-LTS)
# Java VM: OpenJDK 64-Bit Server VM Temurin-21.0.9+10 (21.0.9+10-LTS, mixed mode, sharing, tiered, compressed oops, compressed class ptrs, parallel gc, windows-amd64)
GC Precious Log:
 CardTable entry size: 512
 CPUs: 4 total, 4 available
 Memory: 8094M
 Large Page Support: Disabled
 NUMA Support: Disabled
 Compressed Oops: Enabled (32-bit)
 Alignments: Space 512K, Generation 512K, Heap 2M
 Heap Min Capacity: 100M
 Heap Initial Capacity: 100M
 Heap Max Capacity: 2G
 Pre-touch: Disabled
 Parallel Workers: 4
Heap:
 PSYoungGen      total 4608K, used 4576K [0x00000000d5580000, 0x00000000d5b00000, 0x0000000100000000)
  eden space 3584K, 100% used [0x00000000d5580000,0x00000000d5900000,0x00000000d5900000)
  from space 1024K, 96% used [0x00000000d5a00000,0x00000000d5af8010,0x00000000d5b00000)
  to   space 512K, 50% used [0x00000000d5900000,0x00000000d5940000,0x00000000d5980000)
 ParOldGen       total 867328K, used 867323K [0x0000000080000000, 0x00000000b4f00000, 0x00000000d5580000)
  object space 867328K, 99% used [0x0000000080000000,0x00000000b4efeca0,0x00000000b4f00000)
 Metaspace       used 75778K, committed 77312K, reserved 1179648K
  class space    used 7730K, committed 8384K, reserved 1048576K
GC Heap History (20 events):
Event: 127.793 GC heap before
{Heap before GC invocations=1460 (full 3):
 PSYoungGen      total 4608K, used 4416K [0x00000000d5580000, 0x00000000d5b80000, 0x0000000100000000)
  eden space 4096K, 100% used [0x00000000d5580000,0x00000000d5980000,0x00000000d5980000)
  from space 512K, 62% used [0x00000000d5b00000,0x00000000d5b50000,0x00000000d5b80000)
  to   space 512K, 0% used [0x00000000d5a80000,0x00000000d5a80000,0x00000000d5b00000)
 ParOldGen       total 859648K, used 859480K [0x0000000080000000, 0x00000000b4780000, 0x00000000d5580000)
  object space 859648K, 99% used [0x0000000080000000,0x00000000b4756140,0x00000000b4780000)
 Metaspace       used 75731K, committed 77248K, reserved 1179648K
  class space    used 7730K, committed 8384K, reserved 1048576K
}
Event: 127.796 GC heap after
{Heap after GC invocations=1460 (full 3):
 PSYoungGen      total 5632K, used 320K [0x00000000d5580000, 0x00000000d5b80000, 0x0000000100000000)
  eden space 5120K, 0% used [0x00000000d5580000,0x00000000d5580000,0x00000000d5a80000)
  from space 512K, 62% used [0x00000000d5a80000,0x00000000d5ad0000,0x00000000d5b00000)
  to   space 512K, 0% used [0x00000000d5b00000,0x00000000d5b00000,0x00000000d5b80000)
 ParOldGen       total 860160K, used 859712K [0x0000000080000000, 0x00000000b4800000, 0x00000000d5580000)
  object space 860160K, 99% used [0x0000000080000000,0x00000000b4790180,0x00000000b4800000)
 Metaspace       used 75731K, committed 77248K, reserved 1179648K
  class space    used 7730K, committed 8384K, reserved 1048576K
}
Event: 127.842 GC heap before
{Heap before GC invocations=1461 (full 3):
 PSYoungGen      total 5632K, used 5439K [0x00000000d5580000, 0x00000000d5b80000, 0x0000000100000000)
  eden space 5120K, 99% used [0x00000000d5580000,0x00000000d5a7fff0,0x00000000d5a80000)
  from space 512K, 62% used [0x00000000d5a80000,0x00000000d5ad0000,0x00000000d5b00000)
  to   space 512K, 0% used [0x00000000d5b00000,0x00000000d5b00000,0x00000000d5b80000)
 ParOldGen       total 860160K, used 859712K [0x0000000080000000, 0x00000000b4800000, 0x00000000d5580000)
  object space 860160K, 99% used [0x0000000080000000,0x00000000b4790180,0x00000000b4800000)
 Metaspace       used 75736K, committed 77248K, reserved 1179648K
  class space    used 7730K, committed 8384K, reserved 1048576K
}
Event: 127.846 GC heap after
{Heap after GC invocations=1461 (full 3):
 PSYoungGen      total 4096K, used 512K [0x00000000d5580000, 0x00000000d5e80000, 0x0000000100000000)
  eden space 3584K, 0% used [0x00000000d5580000,0x00000000d5580000,0x00000000d5900000)
  from space 512K, 100% used [0x00000000d5b00000,0x00000000d5b80000,0x00000000d5b80000)
  to   space 2048K, 0% used [0x00000000d5900000,0x00000000d5900000,0x00000000d5b00000)
 ParOldGen       total 860672K, used 860596K [0x0000000080000000, 0x00000000b4880000, 0x00000000d5580000)
  object space 860672K, 99% used [0x0000000080000000,0x00000000b486d1c0,0x00000000b4880000)
 Metaspace       used 75736K, committed 77248K, reserved 1179648K
  class space    used 7730K, committed 8384K, reserved 1048576K
}
Event: 127.867 GC heap before
{Heap before GC invocations=1462 (full 3):
 PSYoungGen      total 4096K, used 4096K [0x00000000d5580000, 0x00000000d5e80000, 0x0000000100000000)
  eden space 3584K, 100% used [0x00000000d5580000,0x00000000d5900000,0x00000000d5900000)
  from space 512K, 100% used [0x00000000d5b00000,0x00000000d5b80000,0x00000000d5b80000)
  to   space 2048K, 0% used [0x00000000d5900000,0x00000000d5900000,0x00000000d5b00000)
 ParOldGen       total 860672K, used 860596K [0x0000000080000000, 0x00000000b4880000, 0x00000000d5580000)
  object space 860672K, 99% used [0x0000000080000000,0x00000000b486d1c0,0x00000000b4880000)
 Metaspace       used 75736K, committed 77248K, reserved 1179648K
  class space    used 7730K, committed 8384K, reserved 1048576K
}
Event: 127.872 GC heap after
{Heap after GC invocations=1462 (full 3):
 PSYoungGen      total 5120K, used 1376K [0x00000000d5580000, 0x00000000d5c00000, 0x0000000100000000)
  eden space 3584K, 0% used [0x00000000d5580000,0x00000000d5580000,0x00000000d5900000)
  from space 1536K, 89% used [0x00000000d5900000,0x00000000d5a58010,0x00000000d5a80000)
  to   space 1536K, 0% used [0x00000000d5a80000,0x00000000d5a80000,0x00000000d5c00000)
 ParOldGen       total 861184K, used 861100K [0x0000000080000000, 0x00000000b4900000, 0x00000000d5580000)
  object space 861184K, 99% used [0x0000000080000000,0x00000000b48eb1d0,0x00000000b4900000)
 Metaspace       used 75736K, committed 77248K, reserved 1179648K
  class space    used 7730K, committed 8384K, reserved 1048576K
}
Event: 127.890 GC heap before
{Heap before GC invocations=1463 (full 3):
 PSYoungGen      total 5120K, used 4960K [0x00000000d5580000, 0x00000000d5c00000, 0x0000000100000000)
  eden space 3584K, 100% used [0x00000000d5580000,0x00000000d5900000,0x00000000d5900000)
  from space 1536K, 89% used [0x00000000d5900000,0x00000000d5a58010,0x00000000d5a80000)
  to   space 1536K, 0% used [0x00000000d5a80000,0x00000000d5a80000,0x00000000d5c00000)
 ParOldGen       total 861184K, used 861100K [0x0000000080000000, 0x00000000b4900000, 0x00000000d5580000)
  object space 861184K, 99% used [0x0000000080000000,0x00000000b48eb1d0,0x00000000b4900000)
 Metaspace       used 75737K, committed 77248K, reserved 1179648K
  class space    used 7730K, committed 8384K, reserved 1048576K
}
Event: 127.894 GC heap after
{Heap after GC invocations=1463 (full 3):
 PSYoungGen      total 4096K, used 288K [0x00000000d5580000, 0x00000000d5b00000, 0x0000000100000000)
  eden space 3584K, 0% used [0x00000000d5580000,0x00000000d5580000,0x00000000d5900000)
  from space 512K, 56% used [0x00000000d5a80000,0x00000000d5ac8000,0x00000000d5b00000)
  to   space 1024K, 0% used [0x00000000d5900000,0x00000000d5900000,0x00000000d5a00000)
 ParOldGen       total 862720K, used 862443K [0x0000000080000000, 0x00000000b4a80000, 0x00000000d5580000)
  object space 862720K, 99% used [0x0000000080000000,0x00000000b4a3ac78,0x00000000b4a80000)
 Metaspace       used 75737K, committed 77248K, reserved 1179648K
  class space    used 7730K, committed 8384K, reserved 1048576K
}
Event: 127.925 GC heap before
{Heap before GC invocations=1464 (full 3):
 PSYoungGen      total 4096K, used 3872K [0x00000000d5580000, 0x00000000d5b00000, 0x0000000100000000)
  eden space 3584K, 100% used [0x00000000d5580000,0x00000000d5900000,0x00000000d5900000)
  from space 512K, 56% used [0x00000000d5a80000,0x00000000d5ac8000,0x00000000d5b00000)
  to   space 1024K, 0% used [0x00000000d5900000,0x00000000d5900000,0x00000000d5a00000)
 ParOldGen       total 862720K, used 862443K [0x0000000080000000, 0x00000000b4a80000, 0x00000000d5580000)
  object space 862720K, 99% used [0x0000000080000000,0x00000000b4a3ac78,0x00000000b4a80000)
 Metaspace       used 75748K, committed 77312K, reserved 1179648K
  class space    used 7730K, committed 8384K, reserved 1048576K
}
Event: 127.929 GC heap after
{Heap after GC invocations=1464 (full 3):
 PSYoungGen      total 4608K, used 480K [0x00000000d5580000, 0x00000000d5b00000, 0x0000000100000000)
  eden space 3584K, 0% used [0x00000000d5580000,0x00000000d5580000,0x00000000d5900000)
  from space 1024K, 46% used [0x00000000d5900000,0x00000000d5978020,0x00000000d5a00000)
  to   space 1024K, 0% used [0x00000000d5a00000,0x00000000d5a00000,0x00000000d5b00000)
 ParOldGen       total 862720K, used 862647K [0x0000000080000000, 0x00000000b4a80000, 0x00000000d5580000)
  object space 862720K, 99% used [0x0000000080000000,0x00000000b4a6dfb8,0x00000000b4a80000)
 Metaspace       used 75748K, committed 77312K, reserved 1179648K
  class space    used 7730K, committed 8384K, reserved 1048576K
}
Event: 127.960 GC heap before
{Heap before GC invocations=1465 (full 3):
 PSYoungGen      total 4608K, used 4064K [0x00000000d5580000, 0x00000000d5b00000, 0x0000000100000000)
  eden space 3584K, 100% used [0x00000000d5580000,0x00000000d5900000,0x00000000d5900000)
  from space 1024K, 46% used [0x00000000d5900000,0x00000000d5978020,0x00000000d5a00000)
  to   space 1024K, 0% used [0x00000000d5a00000,0x00000000d5a00000,0x00000000d5b00000)
 ParOldGen       total 862720K, used 862647K [0x0000000080000000, 0x00000000b4a80000, 0x00000000d5580000)
  object space 862720K, 99% used [0x0000000080000000,0x00000000b4a6dfb8,0x00000000b4a80000)
 Metaspace       used 75748K, committed 77312K, reserved 1179648K
  class space    used 7730K, committed 8384K, reserved 1048576K
}
Event: 127.964 GC heap after
{Heap after GC invocations=1465 (full 3):
 PSYoungGen      total 3072K, used 992K [0x00000000d5580000, 0x00000000d5e00000, 0x0000000100000000)
  eden space 2048K, 0% used [0x00000000d5580000,0x00000000d5580000,0x00000000d5780000)
  from space 1024K, 96% used [0x00000000d5a00000,0x00000000d5af8010,0x00000000d5b00000)
  to   space 2560K, 0% used [0x00000000d5780000,0x00000000d5780000,0x00000000d5a00000)
 ParOldGen       total 863744K, used 863556K [0x0000000080000000, 0x00000000b4b80000, 0x00000000d5580000)
  object space 863744K, 99% used [0x0000000080000000,0x00000000b4b51168,0x00000000b4b80000)
 Metaspace       used 75748K, committed 77312K, reserved 1179648K
  class space    used 7730K, committed 8384K, reserved 1048576K
}
Event: 127.980 GC heap before
{Heap before GC invocations=1466 (full 3):
 PSYoungGen      total 3072K, used 3040K [0x00000000d5580000, 0x00000000d5e00000, 0x0000000100000000)
  eden space 2048K, 100% used [0x00000000d5580000,0x00000000d5780000,0x00000000d5780000)
  from space 1024K, 96% used [0x00000000d5a00000,0x00000000d5af8010,0x00000000d5b00000)
  to   space 2560K, 0% used [0x00000000d5780000,0x00000000d5780000,0x00000000d5a00000)
 ParOldGen       total 863744K, used 863556K [0x0000000080000000, 0x00000000b4b80000, 0x00000000d5580000)
  object space 863744K, 99% used [0x0000000080000000,0x00000000b4b51168,0x00000000b4b80000)
 Metaspace       used 75748K, committed 77312K, reserved 1179648K
  class space    used 7730K, committed 8384K, reserved 1048576K
}
Event: 127.990 GC heap after
{Heap after GC invocations=1466 (full 3):
 PSYoungGen      total 3072K, used 608K [0x00000000d5580000, 0x00000000d5b00000, 0x0000000100000000)
  eden space 2048K, 0% used [0x00000000d5580000,0x00000000d5580000,0x00000000d5780000)
  from space 1024K, 59% used [0x00000000d5780000,0x00000000d5818000,0x00000000d5880000)
  to   space 1536K, 0% used [0x00000000d5980000,0x00000000d5980000,0x00000000d5b00000)
 ParOldGen       total 864768K, used 864572K [0x0000000080000000, 0x00000000b4c80000, 0x00000000d5580000)
  object space 864768K, 99% used [0x0000000080000000,0x00000000b4c4f178,0x00000000b4c80000)
 Metaspace       used 75748K, committed 77312K, reserved 1179648K
  class space    used 7730K, committed 8384K, reserved 1048576K
}
Event: 127.997 GC heap before
{Heap before GC invocations=1467 (full 3):
 PSYoungGen      total 3072K, used 2656K [0x00000000d5580000, 0x00000000d5b00000, 0x0000000100000000)
  eden space 2048K, 100% used [0x00000000d5580000,0x00000000d5780000,0x00000000d5780000)
  from space 1024K, 59% used [0x00000000d5780000,0x00000000d5818000,0x00000000d5880000)
  to   space 1536K, 0% used [0x00000000d5980000,0x00000000d5980000,0x00000000d5b00000)
 ParOldGen       total 864768K, used 864572K [0x0000000080000000, 0x00000000b4c80000, 0x00000000d5580000)
  object space 864768K, 99% used [0x0000000080000000,0x00000000b4c4f178,0x00000000b4c80000)
 Metaspace       used 75748K, committed 77312K, reserved 1179648K
  class space    used 7730K, committed 8384K, reserved 1048576K
}
Event: 128.001 GC heap after
{Heap after GC invocations=1467 (full 3):
 PSYoungGen      total 3072K, used 224K [0x00000000d5580000, 0x00000000d5a00000, 0x0000000100000000)
  eden space 2560K, 0% used [0x00000000d5580000,0x00000000d5580000,0x00000000d5800000)
  from space 512K, 43% used [0x00000000d5980000,0x00000000d59b8000,0x00000000d5a00000)
  to   space 512K, 0% used [0x00000000d5900000,0x00000000d5900000,0x00000000d5980000)
 ParOldGen       total 865280K, used 865075K [0x0000000080000000, 0x00000000b4d00000, 0x00000000d5580000)
  object space 865280K, 99% used [0x0000000080000000,0x00000000b4cccc10,0x00000000b4d00000)
 Metaspace       used 75748K, committed 77312K, reserved 1179648K
  class space    used 7730K, committed 8384K, reserved 1048576K
}
Event: 128.040 GC heap before
{Heap before GC invocations=1468 (full 3):
 PSYoungGen      total 3072K, used 2784K [0x00000000d5580000, 0x00000000d5a00000, 0x0000000100000000)
  eden space 2560K, 100% used [0x00000000d5580000,0x00000000d5800000,0x00000000d5800000)
  from space 512K, 43% used [0x00000000d5980000,0x00000000d59b8000,0x00000000d5a00000)
  to   space 512K, 0% used [0x00000000d5900000,0x00000000d5900000,0x00000000d5980000)
 ParOldGen       total 865280K, used 865075K [0x0000000080000000, 0x00000000b4d00000, 0x00000000d5580000)
  object space 865280K, 99% used [0x0000000080000000,0x00000000b4cccc10,0x00000000b4d00000)
 Metaspace       used 75748K, committed 77312K, reserved 1179648K
  class space    used 7730K, committed 8384K, reserved 1048576K
}
Event: 128.045 GC heap after
{Heap after GC invocations=1468 (full 3):
 PSYoungGen      total 3584K, used 192K [0x00000000d5580000, 0x00000000d5a00000, 0x0000000100000000)
  eden space 3072K, 0% used [0x00000000d5580000,0x00000000d5580000,0x00000000d5880000)
  from space 512K, 37% used [0x00000000d5900000,0x00000000d5930000,0x00000000d5980000)
  to   space 512K, 0% used [0x00000000d5980000,0x00000000d5980000,0x00000000d5a00000)
 ParOldGen       total 865280K, used 865227K [0x0000000080000000, 0x00000000b4d00000, 0x00000000d5580000)
  object space 865280K, 99% used [0x0000000080000000,0x00000000b4cf2c30,0x00000000b4d00000)
 Metaspace       used 75748K, committed 77312K, reserved 1179648K
  class space    used 7730K, committed 8384K, reserved 1048576K
}
Event: 128.057 GC heap before
{Heap before GC invocations=1469 (full 3):
 PSYoungGen      total 3584K, used 3257K [0x00000000d5580000, 0x00000000d5a00000, 0x0000000100000000)
  eden space 3072K, 99% used [0x00000000d5580000,0x00000000d587e508,0x00000000d5880000)
  from space 512K, 37% used [0x00000000d5900000,0x00000000d5930000,0x00000000d5980000)
  to   space 512K, 0% used [0x00000000d5980000,0x00000000d5980000,0x00000000d5a00000)
 ParOldGen       total 865280K, used 865227K [0x0000000080000000, 0x00000000b4d00000, 0x00000000d5580000)
  object space 865280K, 99% used [0x0000000080000000,0x00000000b4cf2c30,0x00000000b4d00000)
 Metaspace       used 75753K, committed 77312K, reserved 1179648K
  class space    used 7730K, committed 8384K, reserved 1048576K
}
Event: 128.063 GC heap after
{Heap after GC invocations=1469 (full 3):
 PSYoungGen      total 4096K, used 304K [0x00000000d5580000, 0x00000000d5a80000, 0x0000000100000000)
  eden space 3584K, 0% used [0x00000000d5580000,0x00000000d5580000,0x00000000d5900000)
  from space 512K, 59% used [0x00000000d5980000,0x00000000d59cc010,0x00000000d5a00000)
  to   space 512K, 0% used [0x00000000d5900000,0x00000000d5900000,0x00000000d5980000)
 ParOldGen       total 865792K, used 865379K [0x0000000080000000, 0x00000000b4d80000, 0x00000000d5580000)
  object space 865792K, 99% used [0x0000000080000000,0x00000000b4d18c50,0x00000000b4d80000)
 Metaspace       used 75753K, committed 77312K, reserved 1179648K
  class space    used 7730K, committed 8384K, reserved 1048576K
}

